<?xml version="1.0" encoding="UTF-8"?>
<!-- Generated by org.testng.reporters.JUnitReportReporter -->
<testsuite hostname="PRAVEEN" failures="0" tests="1" name="Runner.Runner_Script" time="11.246" errors="0" timestamp="2024-10-14T16:32:14 IST" skipped="0">
  <testcase classname="Runner.Runner_Script" name="runnerScript" time="11.246"/>
  <system-out/>
</testsuite> <!-- Runner.Runner_Script -->
